Using pre-set license
Built from '2020.2/china_unity/release' branch; Version is '2020.2.3f1c1 (0868e01cc8b5) revision 551136'; Using compiler version '192528614'; Build Type 'Release'
OS: 'Windows 10 Enterprise; OS build 17134.2026; Version 1803; 64bit' Language: 'zh' Physical Memory: 8094 MB
BatchMode: 1, IsHumanControllingUs: 0, StartBugReporterOnCrash: 0, Is64bit: 1, IsPro: 0

 COMMAND LINE ARGUMENTS:
G:\unity\2020.2.3f1c1\Editor\Unity.exe
-adb2
-batchMode
-noUpm
-name
AssetImportWorker0
-projectPath
G:/Billiard/Billiard
-logFile
Logs/AssetImportWorker0.log
-srvPort
57466
Successfully changed project path to: G:/Billiard/Billiard
G:/Billiard/Billiard
Using Asset Import Pipeline V2.
Refreshing native plugins compatible for Editor in 29.65 ms, found 0 plugins.
Preloading 0 native plugins for Editor in 0.00 ms.
Initialize engine version: 2020.2.3f1c1 (0868e01cc8b5)
[Subsystems] Discovering subsystems at path G:/unity/2020.2.3f1c1/Editor/Data/Resources/UnitySubsystems
[Subsystems] Discovering subsystems at path G:/Billiard/Billiard/Assets
GfxDevice: creating device client; threaded=0
Direct3D:
    Version:  Direct3D 11.0 [level 11.0]
    Renderer: NVIDIA GeForce 940MX (ID=0x134d)
    Vendor:   
    VRAM:     2010 MB
    Driver:   27.21.14.5749
Initialize mono
Mono path[0] = 'G:/unity/2020.2.3f1c1/Editor/Data/Managed'
Mono path[1] = 'G:/unity/2020.2.3f1c1/Editor/Data/MonoBleedingEdge/lib/mono/unityjit'
Mono config path = 'G:/unity/2020.2.3f1c1/Editor/Data/MonoBleedingEdge/etc'
Using monoOptions --debugger-agent=transport=dt_socket,embedding=1,server=y,suspend=n,address=127.0.0.1:56084
Begin MonoManager ReloadAssembly
Registering precompiled unity dll's ...
Register platform support module: G:/unity/2020.2.3f1c1/Editor/Data/PlaybackEngines/WindowsStandaloneSupport/UnityEditor.WindowsStandalone.Extensions.dll
Registered in 0.001091 seconds.
Native extension for WindowsStandalone target not found
Refreshing native plugins compatible for Editor in 30.78 ms, found 0 plugins.
Preloading 0 native plugins for Editor in 0.00 ms.
Invoked RoslynAnalysisRunner static constructor.
RoslynAnalysisRunner will not be running.
RoslynAnalysisRunner has terminated.
Mono: successfully reloaded assembly
- Completed reload, in  1.035 seconds
Platform modules already initialized, skipping
Registering precompiled user dll's ...
Registered in 0.001247 seconds.
Begin MonoManager ReloadAssembly
Native extension for WindowsStandalone target not found
Refreshing native plugins compatible for Editor in 0.26 ms, found 0 plugins.
Preloading 0 native plugins for Editor in 0.00 ms.
Invoked RoslynAnalysisRunner static constructor.
RoslynAnalysisRunner will not be running.
RoslynAnalysisRunner has terminated.
Mono: successfully reloaded assembly
- Completed reload, in  1.008 seconds
Platform modules already initialized, skipping
========================================================================
Worker process is ready to serve import requests
Launched and connected shader compiler UnityShaderCompiler.exe after 0.06 seconds
Refreshing native plugins compatible for Editor in 0.22 ms, found 0 plugins.
Preloading 0 native plugins for Editor in 0.00 ms.
Unloading 1115 Unused Serialized files (Serialized files now loaded: 0)
System memory in use before: 61.5 MB.
System memory in use after: 61.6 MB.

Unloading 9 unused Assets to reduce memory usage. Loaded Objects now: 1561.
Total: 2.554710 ms (FindLiveObjects: 0.230324 ms CreateObjectMapping: 0.339067 ms MarkObjects: 1.897720 ms  DeleteObjects: 0.084956 ms)

========================================================================
Received Import Request.
  path: Assets/Resources/Materials/Physics/table.physicMaterial
  artifactKey: Guid(44cc2b321f2aad94088c0729af41a613) Importer(815301076,1909f56bfc062723c751e8b465ee728b)
Start importing Assets/Resources/Materials/Physics/table.physicMaterial using Guid(44cc2b321f2aad94088c0729af41a613) Importer(815301076,1909f56bfc062723c751e8b465ee728b)  -> (artifact id: '8770fdb2aac88d2e5ba12930b3a99430') in 0.049143 seconds
  Import took 0.051586 seconds .

========================================================================
Received Import Request.
  Time since last request: 20.978553 seconds.
  path: Assets/Resources/Materials/Physics/balls.physicMaterial
  artifactKey: Guid(8644776f7d3ad9449a88b69f854a2260) Importer(815301076,1909f56bfc062723c751e8b465ee728b)
Start importing Assets/Resources/Materials/Physics/balls.physicMaterial using Guid(8644776f7d3ad9449a88b69f854a2260) Importer(815301076,1909f56bfc062723c751e8b465ee728b)  -> (artifact id: 'a05529b50793e82b75910f7037a19b53') in 0.003291 seconds
  Import took 0.006674 seconds .

========================================================================
Received Import Request.
  Time since last request: 0.000372 seconds.
  path: Assets/Resources/Materials/Physics/WhiteBall.physicMaterial
  artifactKey: Guid(f29db6472017f4941b8164cc3f367cd8) Importer(815301076,1909f56bfc062723c751e8b465ee728b)
Start importing Assets/Resources/Materials/Physics/WhiteBall.physicMaterial using Guid(f29db6472017f4941b8164cc3f367cd8) Importer(815301076,1909f56bfc062723c751e8b465ee728b)  -> (artifact id: '927c70c896699fdb6582333d5e7dc1bd') in 0.003045 seconds
  Import took 0.007628 seconds .

========================================================================
Received Import Request.
  Time since last request: 0.000344 seconds.
  path: Assets/Resources/Materials/Physics/bar.physicMaterial
  artifactKey: Guid(3ecb18997402b9b4b98f99cba3329f8d) Importer(815301076,1909f56bfc062723c751e8b465ee728b)
Start importing Assets/Resources/Materials/Physics/bar.physicMaterial using Guid(3ecb18997402b9b4b98f99cba3329f8d) Importer(815301076,1909f56bfc062723c751e8b465ee728b)  -> (artifact id: 'adba37eb04de69c69416199ea0f6008b') in 0.003718 seconds
  Import took 0.006291 seconds .

========================================================================
Received Import Request.
  Time since last request: 0.000544 seconds.
  path: Assets/Resources/Materials/Physics/table.physicMaterial
  artifactKey: Guid(44cc2b321f2aad94088c0729af41a613) Importer(815301076,1909f56bfc062723c751e8b465ee728b)
Start importing Assets/Resources/Materials/Physics/table.physicMaterial using Guid(44cc2b321f2aad94088c0729af41a613) Importer(815301076,1909f56bfc062723c751e8b465ee728b)  -> (artifact id: 'dd09d0b4d597489b157d5b58f0edaed3') in 0.002589 seconds
  Import took 0.004866 seconds .

========================================================================
Received Import Request.
  Time since last request: 8.654269 seconds.
  path: Assets/Resources/Materials/Physics/WhiteBall.physicMaterial
  artifactKey: Guid(f29db6472017f4941b8164cc3f367cd8) Importer(815301076,1909f56bfc062723c751e8b465ee728b)
Start importing Assets/Resources/Materials/Physics/WhiteBall.physicMaterial using Guid(f29db6472017f4941b8164cc3f367cd8) Importer(815301076,1909f56bfc062723c751e8b465ee728b)  -> (artifact id: 'f5c81d5a032f262c21af056c9b5e21d8') in 0.004075 seconds
  Import took 0.007250 seconds .

========================================================================
Received Prepare
Registering precompiled user dll's ...
Registered in 0.000810 seconds.
Begin MonoManager ReloadAssembly
Native extension for WindowsStandalone target not found
Refreshing native plugins compatible for Editor in 0.24 ms, found 0 plugins.
Preloading 0 native plugins for Editor in 0.00 ms.
Invoked RoslynAnalysisRunner static constructor.
RoslynAnalysisRunner will not be running.
RoslynAnalysisRunner has terminated.
Mono: successfully reloaded assembly
- Completed reload, in  0.966 seconds
Platform modules already initialized, skipping
Refreshing native plugins compatible for Editor in 0.27 ms, found 0 plugins.
Preloading 0 native plugins for Editor in 0.00 ms.
Unloading 1096 Unused Serialized files (Serialized files now loaded: 0)
System memory in use before: 60.4 MB.
System memory in use after: 60.5 MB.

Unloading 4 unused Assets to reduce memory usage. Loaded Objects now: 1563.
Total: 1.878086 ms (FindLiveObjects: 0.157074 ms CreateObjectMapping: 0.040779 ms MarkObjects: 1.660222 ms  DeleteObjects: 0.017746 ms)

========================================================================
Received Import Request.
  Time since last request: 647.719817 seconds.
  path: Assets/Scripts/Button.cs
  artifactKey: Guid(f34c7eb94a029084b9b358fd5921d5b3) Importer(815301076,1909f56bfc062723c751e8b465ee728b)
Start importing Assets/Scripts/Button.cs using Guid(f34c7eb94a029084b9b358fd5921d5b3) Importer(815301076,1909f56bfc062723c751e8b465ee728b)  -> (artifact id: '942a2900166c7dc54693c85417a5c2e9') in 2.180273 seconds
  Import took 2.289157 seconds .

========================================================================
Received Prepare
Registering precompiled user dll's ...
Registered in 0.000833 seconds.
Begin MonoManager ReloadAssembly
Native extension for WindowsStandalone target not found
Refreshing native plugins compatible for Editor in 0.22 ms, found 0 plugins.
Preloading 0 native plugins for Editor in 0.00 ms.
Invoked RoslynAnalysisRunner static constructor.
RoslynAnalysisRunner will not be running.
RoslynAnalysisRunner has terminated.
Mono: successfully reloaded assembly
- Completed reload, in  1.018 seconds
Platform modules already initialized, skipping
Refreshing native plugins compatible for Editor in 0.22 ms, found 0 plugins.
Preloading 0 native plugins for Editor in 0.00 ms.
Unloading 1096 Unused Serialized files (Serialized files now loaded: 0)
System memory in use before: 60.5 MB.
System memory in use after: 60.6 MB.

Unloading 4 unused Assets to reduce memory usage. Loaded Objects now: 1565.
Total: 3.250214 ms (FindLiveObjects: 0.416849 ms CreateObjectMapping: 0.045310 ms MarkObjects: 2.752940 ms  DeleteObjects: 0.031339 ms)

========================================================================
Received Import Request.
  Time since last request: 135.262641 seconds.
  path: Assets/Scripts/Button.cs
  artifactKey: Guid(f34c7eb94a029084b9b358fd5921d5b3) Importer(815301076,1909f56bfc062723c751e8b465ee728b)
Start importing Assets/Scripts/Button.cs using Guid(f34c7eb94a029084b9b358fd5921d5b3) Importer(815301076,1909f56bfc062723c751e8b465ee728b)  -> (artifact id: 'ae83e259057fe9844f7e5e265467813d') in 0.003964 seconds
  Import took 0.006018 seconds .

========================================================================
Received Prepare
Registering precompiled user dll's ...
Registered in 0.000583 seconds.
Begin MonoManager ReloadAssembly
Native extension for WindowsStandalone target not found
Refreshing native plugins compatible for Editor in 0.22 ms, found 0 plugins.
Preloading 0 native plugins for Editor in 0.00 ms.
Invoked RoslynAnalysisRunner static constructor.
RoslynAnalysisRunner will not be running.
RoslynAnalysisRunner has terminated.
Mono: successfully reloaded assembly
- Completed reload, in  0.886 seconds
Platform modules already initialized, skipping
Refreshing native plugins compatible for Editor in 0.22 ms, found 0 plugins.
Preloading 0 native plugins for Editor in 0.00 ms.
Unloading 1096 Unused Serialized files (Serialized files now loaded: 0)
System memory in use before: 60.5 MB.
System memory in use after: 60.6 MB.

Unloading 4 unused Assets to reduce memory usage. Loaded Objects now: 1567.
Total: 2.738970 ms (FindLiveObjects: 0.246183 ms CreateObjectMapping: 0.087599 ms MarkObjects: 2.379513 ms  DeleteObjects: 0.023410 ms)

AssetImportWorkerClient::OnTransportError - code=2 error=End of file
