Using pre-set license
Built from '2020.2/china_unity/release' branch; Version is '2020.2.3f1c1 (0868e01cc8b5) revision 551136'; Using compiler version '192528614'; Build Type 'Release'
OS: 'Windows 10 Enterprise; OS build 17134.2026; Version 1803; 64bit' Language: 'zh' Physical Memory: 8094 MB
BatchMode: 1, IsHumanControllingUs: 0, StartBugReporterOnCrash: 0, Is64bit: 1, IsPro: 0

 COMMAND LINE ARGUMENTS:
G:\unity\2020.2.3f1c1\Editor\Unity.exe
-adb2
-batchMode
-noUpm
-name
AssetImportWorker0
-projectPath
G:/Billiard/Billiard
-logFile
Logs/AssetImportWorker0.log
-srvPort
56080
Successfully changed project path to: G:/Billiard/Billiard
G:/Billiard/Billiard
Using Asset Import Pipeline V2.
Refreshing native plugins compatible for Editor in 29.24 ms, found 0 plugins.
Preloading 0 native plugins for Editor in 0.00 ms.
Initialize engine version: 2020.2.3f1c1 (0868e01cc8b5)
[Subsystems] Discovering subsystems at path G:/unity/2020.2.3f1c1/Editor/Data/Resources/UnitySubsystems
[Subsystems] Discovering subsystems at path G:/Billiard/Billiard/Assets
GfxDevice: creating device client; threaded=0
Direct3D:
    Version:  Direct3D 11.0 [level 11.0]
    Renderer: NVIDIA GeForce 940MX (ID=0x134d)
    Vendor:   
    VRAM:     2010 MB
    Driver:   27.21.14.5749
Initialize mono
Mono path[0] = 'G:/unity/2020.2.3f1c1/Editor/Data/Managed'
Mono path[1] = 'G:/unity/2020.2.3f1c1/Editor/Data/MonoBleedingEdge/lib/mono/unityjit'
Mono config path = 'G:/unity/2020.2.3f1c1/Editor/Data/MonoBleedingEdge/etc'
Using monoOptions --debugger-agent=transport=dt_socket,embedding=1,server=y,suspend=n,address=127.0.0.1:56424
Begin MonoManager ReloadAssembly
Registering precompiled unity dll's ...
Register platform support module: G:/unity/2020.2.3f1c1/Editor/Data/PlaybackEngines/WindowsStandaloneSupport/UnityEditor.WindowsStandalone.Extensions.dll
Registered in 0.136667 seconds.
Native extension for WindowsStandalone target not found
Refreshing native plugins compatible for Editor in 28.44 ms, found 0 plugins.
Preloading 0 native plugins for Editor in 0.00 ms.
Invoked RoslynAnalysisRunner static constructor.
RoslynAnalysisRunner will not be running.
RoslynAnalysisRunner has terminated.
Mono: successfully reloaded assembly
- Completed reload, in  4.545 seconds
Platform modules already initialized, skipping
Registering precompiled user dll's ...
Registered in 0.105850 seconds.
Begin MonoManager ReloadAssembly
Native extension for WindowsStandalone target not found
Refreshing native plugins compatible for Editor in 0.23 ms, found 0 plugins.
Preloading 0 native plugins for Editor in 0.00 ms.
Invoked RoslynAnalysisRunner static constructor.
RoslynAnalysisRunner will not be running.
RoslynAnalysisRunner has terminated.
Mono: successfully reloaded assembly
- Completed reload, in  2.004 seconds
Platform modules already initialized, skipping
========================================================================
Worker process is ready to serve import requests
Launched and connected shader compiler UnityShaderCompiler.exe after 0.07 seconds
Refreshing native plugins compatible for Editor in 0.23 ms, found 0 plugins.
Preloading 0 native plugins for Editor in 0.00 ms.
Unloading 1115 Unused Serialized files (Serialized files now loaded: 0)
System memory in use before: 61.0 MB.
System memory in use after: 61.1 MB.

Unloading 9 unused Assets to reduce memory usage. Loaded Objects now: 1558.
Total: 2.288514 ms (FindLiveObjects: 0.302442 ms CreateObjectMapping: 0.186525 ms MarkObjects: 1.714592 ms  DeleteObjects: 0.082313 ms)

========================================================================
Received Import Request.
  path: Assets/Resources/Materials/lightred.mat
  artifactKey: Guid(9c14f3da56211874bab3b7f17c3b0eec) Importer(815301076,1909f56bfc062723c751e8b465ee728b)
Start importing Assets/Resources/Materials/lightred.mat using Guid(9c14f3da56211874bab3b7f17c3b0eec) Importer(815301076,1909f56bfc062723c751e8b465ee728b)  -> (artifact id: '0266bd1657fc342b8c36e75e7f2b4eb6') in 0.177323 seconds
  Import took 0.217986 seconds .

========================================================================
Received Prepare
Registering precompiled user dll's ...
Registered in 0.000699 seconds.
Begin MonoManager ReloadAssembly
Native extension for WindowsStandalone target not found
Refreshing native plugins compatible for Editor in 0.39 ms, found 0 plugins.
Preloading 0 native plugins for Editor in 0.00 ms.
Invoked RoslynAnalysisRunner static constructor.
RoslynAnalysisRunner will not be running.
RoslynAnalysisRunner has terminated.
Mono: successfully reloaded assembly
- Completed reload, in  1.053 seconds
Platform modules already initialized, skipping
Refreshing native plugins compatible for Editor in 0.32 ms, found 0 plugins.
Preloading 0 native plugins for Editor in 0.00 ms.
Unloading 1096 Unused Serialized files (Serialized files now loaded: 0)
System memory in use before: 63.2 MB.
System memory in use after: 63.3 MB.

Unloading 4 unused Assets to reduce memory usage. Loaded Objects now: 1600.
Total: 1.641719 ms (FindLiveObjects: 0.140082 ms CreateObjectMapping: 0.041911 ms MarkObjects: 1.437448 ms  DeleteObjects: 0.021144 ms)

========================================================================
Received Import Request.
  Time since last request: 85.413555 seconds.
  path: Assets/Resources/Materials/lightred.mat
  artifactKey: Guid(9c14f3da56211874bab3b7f17c3b0eec) Importer(815301076,1909f56bfc062723c751e8b465ee728b)
Start importing Assets/Resources/Materials/lightred.mat using Guid(9c14f3da56211874bab3b7f17c3b0eec) Importer(815301076,1909f56bfc062723c751e8b465ee728b)  -> (artifact id: '0b9a2c3cc1437c7172184be3deaabdab') in 0.095318 seconds
  Import took 0.132224 seconds .

========================================================================
Received Import Request.
  Time since last request: 6.862932 seconds.
  path: Assets/Resources/Materials/lightred.mat
  artifactKey: Guid(9c14f3da56211874bab3b7f17c3b0eec) Importer(815301076,1909f56bfc062723c751e8b465ee728b)
Start importing Assets/Resources/Materials/lightred.mat using Guid(9c14f3da56211874bab3b7f17c3b0eec) Importer(815301076,1909f56bfc062723c751e8b465ee728b)  -> (artifact id: 'd13636c09e964b28a63715fb2c522e0a') in 0.021972 seconds
  Import took 0.024962 seconds .

========================================================================
Received Prepare
Registering precompiled user dll's ...
Registered in 0.000802 seconds.
Begin MonoManager ReloadAssembly
Native extension for WindowsStandalone target not found
Refreshing native plugins compatible for Editor in 0.24 ms, found 0 plugins.
Preloading 0 native plugins for Editor in 0.00 ms.
Invoked RoslynAnalysisRunner static constructor.
RoslynAnalysisRunner will not be running.
RoslynAnalysisRunner has terminated.
Mono: successfully reloaded assembly
- Completed reload, in  0.947 seconds
Platform modules already initialized, skipping
Refreshing native plugins compatible for Editor in 0.23 ms, found 0 plugins.
Preloading 0 native plugins for Editor in 0.00 ms.
Unloading 1096 Unused Serialized files (Serialized files now loaded: 0)
System memory in use before: 63.4 MB.
System memory in use after: 63.5 MB.

Unloading 4 unused Assets to reduce memory usage. Loaded Objects now: 1605.
Total: 2.014769 ms (FindLiveObjects: 0.156696 ms CreateObjectMapping: 0.048330 ms MarkObjects: 1.785200 ms  DeleteObjects: 0.021900 ms)

========================================================================
Received Import Request.
  Time since last request: 35.938484 seconds.
  path: Assets/Resources/Materials/lightblue.mat
  artifactKey: Guid(f6e1ecb718f9d434ab66245904b5b1e8) Importer(815301076,1909f56bfc062723c751e8b465ee728b)
Start importing Assets/Resources/Materials/lightblue.mat using Guid(f6e1ecb718f9d434ab66245904b5b1e8) Importer(815301076,1909f56bfc062723c751e8b465ee728b)  -> (artifact id: '912535db660d5af2b5cd5778bb7a3ba8') in 0.071245 seconds
  Import took 0.100834 seconds .

========================================================================
Received Import Request.
  Time since last request: 80.346232 seconds.
  path: Assets/Resources/Materials/lightyellow.mat
  artifactKey: Guid(ec36640f9980b794e8edfdb255c24788) Importer(815301076,1909f56bfc062723c751e8b465ee728b)
Start importing Assets/Resources/Materials/lightyellow.mat using Guid(ec36640f9980b794e8edfdb255c24788) Importer(815301076,1909f56bfc062723c751e8b465ee728b)  -> (artifact id: '13e87d81b43a101dde068e52fbab53eb') in 0.033579 seconds
  Import took 0.060186 seconds .

========================================================================
Received Prepare
Registering precompiled user dll's ...
Registered in 0.000855 seconds.
Begin MonoManager ReloadAssembly
Native extension for WindowsStandalone target not found
Refreshing native plugins compatible for Editor in 0.22 ms, found 0 plugins.
Preloading 0 native plugins for Editor in 0.00 ms.
Invoked RoslynAnalysisRunner static constructor.
RoslynAnalysisRunner will not be running.
RoslynAnalysisRunner has terminated.
Mono: successfully reloaded assembly
- Completed reload, in  0.855 seconds
Platform modules already initialized, skipping
Refreshing native plugins compatible for Editor in 0.33 ms, found 0 plugins.
Preloading 0 native plugins for Editor in 0.00 ms.
Unloading 1096 Unused Serialized files (Serialized files now loaded: 0)
System memory in use before: 63.5 MB.
System memory in use after: 63.6 MB.

Unloading 4 unused Assets to reduce memory usage. Loaded Objects now: 1608.
Total: 1.889790 ms (FindLiveObjects: 0.164625 ms CreateObjectMapping: 0.048708 ms MarkObjects: 1.656067 ms  DeleteObjects: 0.018501 ms)

========================================================================
Received Import Request.
  Time since last request: 663.481848 seconds.
  path: Assets/Resources/Materials/lightblue.mat
  artifactKey: Guid(f6e1ecb718f9d434ab66245904b5b1e8) Importer(815301076,1909f56bfc062723c751e8b465ee728b)
Start importing Assets/Resources/Materials/lightblue.mat using Guid(f6e1ecb718f9d434ab66245904b5b1e8) Importer(815301076,1909f56bfc062723c751e8b465ee728b)  -> (artifact id: 'b091891cbb9cfdebf71d5b3fd8752d4b') in 0.079997 seconds
  Import took 0.136643 seconds .

========================================================================
Received Import Request.
  Time since last request: 0.000393 seconds.
  path: Assets/Resources/Materials/lightyellow.mat
  artifactKey: Guid(ec36640f9980b794e8edfdb255c24788) Importer(815301076,1909f56bfc062723c751e8b465ee728b)
Start importing Assets/Resources/Materials/lightyellow.mat using Guid(ec36640f9980b794e8edfdb255c24788) Importer(815301076,1909f56bfc062723c751e8b465ee728b)  -> (artifact id: '6552a9a6d942e8c98945ec5ca83ddb51') in 0.024565 seconds
  Import took 0.027662 seconds .

========================================================================
Received Import Request.
  Time since last request: 6.872102 seconds.
  path: Assets/Resources/Materials/lightoringe.mat
  artifactKey: Guid(88df644f9b7fc704cb8dfee4cda7b005) Importer(815301076,1909f56bfc062723c751e8b465ee728b)
Start importing Assets/Resources/Materials/lightoringe.mat using Guid(88df644f9b7fc704cb8dfee4cda7b005) Importer(815301076,1909f56bfc062723c751e8b465ee728b)  -> (artifact id: '317a297ec716cbf9f2e110f429af57a3') in 0.030882 seconds
  Import took 0.066300 seconds .

========================================================================
Received Import Request.
  Time since last request: 36.474607 seconds.
  path: Assets/Resources/Materials/lightoringe.mat
  artifactKey: Guid(88df644f9b7fc704cb8dfee4cda7b005) Importer(815301076,1909f56bfc062723c751e8b465ee728b)
Start importing Assets/Resources/Materials/lightoringe.mat using Guid(88df644f9b7fc704cb8dfee4cda7b005) Importer(815301076,1909f56bfc062723c751e8b465ee728b)  -> (artifact id: 'cbf30db50defc85b85696ee4511d37a3') in 0.021475 seconds
  Import took 0.045337 seconds .

========================================================================
Received Prepare
Registering precompiled user dll's ...
Registered in 0.000754 seconds.
Begin MonoManager ReloadAssembly
Native extension for WindowsStandalone target not found
Refreshing native plugins compatible for Editor in 0.93 ms, found 0 plugins.
Preloading 0 native plugins for Editor in 0.00 ms.
Invoked RoslynAnalysisRunner static constructor.
RoslynAnalysisRunner will not be running.
RoslynAnalysisRunner has terminated.
Mono: successfully reloaded assembly
- Completed reload, in  0.913 seconds
Platform modules already initialized, skipping
Refreshing native plugins compatible for Editor in 0.23 ms, found 0 plugins.
Preloading 0 native plugins for Editor in 0.00 ms.
Unloading 1096 Unused Serialized files (Serialized files now loaded: 0)
System memory in use before: 63.6 MB.
System memory in use after: 63.7 MB.

Unloading 4 unused Assets to reduce memory usage. Loaded Objects now: 1611.
Total: 1.801436 ms (FindLiveObjects: 0.233345 ms CreateObjectMapping: 0.054372 ms MarkObjects: 1.491065 ms  DeleteObjects: 0.019634 ms)

========================================================================
Received Import Request.
  Time since last request: 367.564296 seconds.
  path: Assets/Prefabs/Transfromer_blue.prefab
  artifactKey: Guid(80d5690a2de721d48b656e3dba9fbda5) Importer(815301076,1909f56bfc062723c751e8b465ee728b)
Start importing Assets/Prefabs/Transfromer_blue.prefab using Guid(80d5690a2de721d48b656e3dba9fbda5) Importer(815301076,1909f56bfc062723c751e8b465ee728b)  -> (artifact id: 'a67ac39229cf43d1be2f0152a3a89f3d') in 0.083163 seconds
  Import took 0.085480 seconds .

========================================================================
Received Import Request.
  Time since last request: 1.779551 seconds.
  path: Assets/Prefabs/Transfromer_oringe.prefab
  artifactKey: Guid(9fe0ab86a6be5854ab5f88bf936048c3) Importer(815301076,1909f56bfc062723c751e8b465ee728b)
Start importing Assets/Prefabs/Transfromer_oringe.prefab using Guid(9fe0ab86a6be5854ab5f88bf936048c3) Importer(815301076,1909f56bfc062723c751e8b465ee728b)  -> (artifact id: '3817085f83c09996000c0f3348bed2c1') in 0.024898 seconds
  Import took 0.028200 seconds .

========================================================================
Received Import Request.
  Time since last request: 0.014332 seconds.
  path: Assets/Prefabs/Transfromer_oringe.prefab
  artifactKey: Guid(9fe0ab86a6be5854ab5f88bf936048c3) Importer(815301076,1909f56bfc062723c751e8b465ee728b)
Start importing Assets/Prefabs/Transfromer_oringe.prefab using Guid(9fe0ab86a6be5854ab5f88bf936048c3) Importer(815301076,1909f56bfc062723c751e8b465ee728b)  -> (artifact id: '3817085f83c09996000c0f3348bed2c1') in 0.019248 seconds
  Import took 0.022853 seconds .

========================================================================
Received Import Request.
  Time since last request: 2.204477 seconds.
  path: Assets/Prefabs/Transfromer_yellow.prefab
  artifactKey: Guid(1796f74a05fab264ab2e402f3e5d4797) Importer(815301076,1909f56bfc062723c751e8b465ee728b)
Start importing Assets/Prefabs/Transfromer_yellow.prefab using Guid(1796f74a05fab264ab2e402f3e5d4797) Importer(815301076,1909f56bfc062723c751e8b465ee728b)  -> (artifact id: '55e8039dc4801f9d7cdee6595bba36f6') in 0.030583 seconds
  Import took 0.044797 seconds .

========================================================================
Received Import Request.
  Time since last request: 0.006606 seconds.
  path: Assets/Prefabs/Transfromer_yellow.prefab
  artifactKey: Guid(1796f74a05fab264ab2e402f3e5d4797) Importer(815301076,1909f56bfc062723c751e8b465ee728b)
Start importing Assets/Prefabs/Transfromer_yellow.prefab using Guid(1796f74a05fab264ab2e402f3e5d4797) Importer(815301076,1909f56bfc062723c751e8b465ee728b)  -> (artifact id: '55e8039dc4801f9d7cdee6595bba36f6') in 0.016597 seconds
  Import took 0.021598 seconds .

========================================================================
Received Import Request.
  Time since last request: 2.530176 seconds.
  path: Assets/Prefabs/Transfromer_Red.prefab
  artifactKey: Guid(79d83b0dd71eb7d40b8f9b5ddb9dddb6) Importer(815301076,1909f56bfc062723c751e8b465ee728b)
Start importing Assets/Prefabs/Transfromer_Red.prefab using Guid(79d83b0dd71eb7d40b8f9b5ddb9dddb6) Importer(815301076,1909f56bfc062723c751e8b465ee728b)  -> (artifact id: '000b4ce11f24b2c21b69a72c54f85ab5') in 0.033388 seconds
  Import took 0.052591 seconds .

========================================================================
Received Prepare
Registering precompiled user dll's ...
Registered in 0.000701 seconds.
Begin MonoManager ReloadAssembly
Native extension for WindowsStandalone target not found
Refreshing native plugins compatible for Editor in 0.22 ms, found 0 plugins.
Preloading 0 native plugins for Editor in 0.00 ms.
Invoked RoslynAnalysisRunner static constructor.
RoslynAnalysisRunner will not be running.
RoslynAnalysisRunner has terminated.
Mono: successfully reloaded assembly
- Completed reload, in  0.878 seconds
Platform modules already initialized, skipping
Refreshing native plugins compatible for Editor in 0.23 ms, found 0 plugins.
Preloading 0 native plugins for Editor in 0.00 ms.
Unloading 1096 Unused Serialized files (Serialized files now loaded: 0)
System memory in use before: 63.6 MB.
System memory in use after: 63.7 MB.

Unloading 4 unused Assets to reduce memory usage. Loaded Objects now: 1615.
Total: 1.793884 ms (FindLiveObjects: 0.172554 ms CreateObjectMapping: 0.041534 ms MarkObjects: 1.560162 ms  DeleteObjects: 0.017746 ms)

========================================================================
Received Import Request.
  Time since last request: 469.112143 seconds.
  path: Assets/Resources/Materials/Physics/WhiteBall.physicMaterial
  artifactKey: Guid(f29db6472017f4941b8164cc3f367cd8) Importer(815301076,1909f56bfc062723c751e8b465ee728b)
Start importing Assets/Resources/Materials/Physics/WhiteBall.physicMaterial using Guid(f29db6472017f4941b8164cc3f367cd8) Importer(815301076,1909f56bfc062723c751e8b465ee728b)  -> (artifact id: 'b46090600e3975ede0ae8b2d36e8d203') in 0.020577 seconds
  Import took 0.061729 seconds .

AssetImportWorkerClient::OnTransportError - code=2 error=End of file
